<?xml version="1.0" encoding="UTF-8"?>
<testsuite xmlns:xsi="http://www.w3.org/2001/XMLSchema-instance" xsi:noNamespaceSchemaLocation="https://maven.apache.org/surefire/maven-surefire-plugin/xsd/surefire-test-report-3.0.xsd" version="3.0" name="com.UCLLBackEnd.pony.PonyApplicationTests" time="12.125" tests="1" errors="0" skipped="0" failures="0">
  <properties>
    <property name="java.specification.version" value="21"/>
    <property name="sun.jnu.encoding" value="UTF-8"/>
    <property name="java.class.path" value="/Users/jashanpreetsingh/Downloads/backend_exams_prep/pony/target/test-classes:/Users/jashanpreetsingh/Downloads/backend_exams_prep/pony/target/classes:/Users/jashanpreetsingh/.m2/repository/org/springframework/boot/spring-boot-starter-actuator/3.3.0/spring-boot-starter-actuator-3.3.0.jar:/Users/jashanpreetsingh/.m2/repository/org/springframework/boot/spring-boot-starter/3.3.0/spring-boot-starter-3.3.0.jar:/Users/jashanpreetsingh/.m2/repository/org/springframework/boot/spring-boot-starter-logging/3.3.0/spring-boot-starter-logging-3.3.0.jar:/Users/jashanpreetsingh/.m2/repository/ch/qos/logback/logback-classic/1.5.6/logback-classic-1.5.6.jar:/Users/jashanpreetsingh/.m2/repository/ch/qos/logback/logback-core/1.5.6/logback-core-1.5.6.jar:/Users/jashanpreetsingh/.m2/repository/org/apache/logging/log4j/log4j-to-slf4j/2.23.1/log4j-to-slf4j-2.23.1.jar:/Users/jashanpreetsingh/.m2/repository/org/apache/logging/log4j/log4j-api/2.23.1/log4j-api-2.23.1.jar:/Users/jashanpreetsingh/.m2/repository/org/slf4j/jul-to-slf4j/2.0.13/jul-to-slf4j-2.0.13.jar:/Users/jashanpreetsingh/.m2/repository/jakarta/annotation/jakarta.annotation-api/2.1.1/jakarta.annotation-api-2.1.1.jar:/Users/jashanpreetsingh/.m2/repository/org/yaml/snakeyaml/2.2/snakeyaml-2.2.jar:/Users/jashanpreetsingh/.m2/repository/org/springframework/boot/spring-boot-actuator-autoconfigure/3.3.0/spring-boot-actuator-autoconfigure-3.3.0.jar:/Users/jashanpreetsingh/.m2/repository/org/springframework/boot/spring-boot-actuator/3.3.0/spring-boot-actuator-3.3.0.jar:/Users/jashanpreetsingh/.m2/repository/com/fasterxml/jackson/core/jackson-databind/2.17.1/jackson-databind-2.17.1.jar:/Users/jashanpreetsingh/.m2/repository/com/fasterxml/jackson/core/jackson-annotations/2.17.1/jackson-annotations-2.17.1.jar:/Users/jashanpreetsingh/.m2/repository/com/fasterxml/jackson/core/jackson-core/2.17.1/jackson-core-2.17.1.jar:/Users/jashanpreetsingh/.m2/repository/com/fasterxml/jackson/datatype/jackson-datatype-jsr310/2.17.1/jackson-datatype-jsr310-2.17.1.jar:/Users/jashanpreetsingh/.m2/repository/io/micrometer/micrometer-observation/1.13.0/micrometer-observation-1.13.0.jar:/Users/jashanpreetsingh/.m2/repository/io/micrometer/micrometer-commons/1.13.0/micrometer-commons-1.13.0.jar:/Users/jashanpreetsingh/.m2/repository/io/micrometer/micrometer-jakarta9/1.13.0/micrometer-jakarta9-1.13.0.jar:/Users/jashanpreetsingh/.m2/repository/io/micrometer/micrometer-core/1.13.0/micrometer-core-1.13.0.jar:/Users/jashanpreetsingh/.m2/repository/org/hdrhistogram/HdrHistogram/2.2.1/HdrHistogram-2.2.1.jar:/Users/jashanpreetsingh/.m2/repository/org/latencyutils/LatencyUtils/2.0.3/LatencyUtils-2.0.3.jar:/Users/jashanpreetsingh/.m2/repository/org/springframework/boot/spring-boot-starter-data-jpa/3.3.0/spring-boot-starter-data-jpa-3.3.0.jar:/Users/jashanpreetsingh/.m2/repository/org/springframework/boot/spring-boot-starter-aop/3.3.0/spring-boot-starter-aop-3.3.0.jar:/Users/jashanpreetsingh/.m2/repository/org/springframework/spring-aop/6.1.8/spring-aop-6.1.8.jar:/Users/jashanpreetsingh/.m2/repository/org/aspectj/aspectjweaver/1.9.22/aspectjweaver-1.9.22.jar:/Users/jashanpreetsingh/.m2/repository/org/springframework/boot/spring-boot-starter-jdbc/3.3.0/spring-boot-starter-jdbc-3.3.0.jar:/Users/jashanpreetsingh/.m2/repository/com/zaxxer/HikariCP/5.1.0/HikariCP-5.1.0.jar:/Users/jashanpreetsingh/.m2/repository/org/springframework/spring-jdbc/6.1.8/spring-jdbc-6.1.8.jar:/Users/jashanpreetsingh/.m2/repository/org/hibernate/orm/hibernate-core/6.5.2.Final/hibernate-core-6.5.2.Final.jar:/Users/jashanpreetsingh/.m2/repository/jakarta/persistence/jakarta.persistence-api/3.1.0/jakarta.persistence-api-3.1.0.jar:/Users/jashanpreetsingh/.m2/repository/jakarta/transaction/jakarta.transaction-api/2.0.1/jakarta.transaction-api-2.0.1.jar:/Users/jashanpreetsingh/.m2/repository/org/jboss/logging/jboss-logging/3.5.3.Final/jboss-logging-3.5.3.Final.jar:/Users/jashanpreetsingh/.m2/repository/org/hibernate/common/hibernate-commons-annotations/6.0.6.Final/hibernate-commons-annotations-6.0.6.Final.jar:/Users/jashanpreetsingh/.m2/repository/io/smallrye/jandex/3.1.2/jandex-3.1.2.jar:/Users/jashanpreetsingh/.m2/repository/com/fasterxml/classmate/1.7.0/classmate-1.7.0.jar:/Users/jashanpreetsingh/.m2/repository/net/bytebuddy/byte-buddy/1.14.16/byte-buddy-1.14.16.jar:/Users/jashanpreetsingh/.m2/repository/org/glassfish/jaxb/jaxb-runtime/4.0.5/jaxb-runtime-4.0.5.jar:/Users/jashanpreetsingh/.m2/repository/org/glassfish/jaxb/jaxb-core/4.0.5/jaxb-core-4.0.5.jar:/Users/jashanpreetsingh/.m2/repository/org/eclipse/angus/angus-activation/2.0.2/angus-activation-2.0.2.jar:/Users/jashanpreetsingh/.m2/repository/org/glassfish/jaxb/txw2/4.0.5/txw2-4.0.5.jar:/Users/jashanpreetsingh/.m2/repository/com/sun/istack/istack-commons-runtime/4.1.2/istack-commons-runtime-4.1.2.jar:/Users/jashanpreetsingh/.m2/repository/jakarta/inject/jakarta.inject-api/2.0.1/jakarta.inject-api-2.0.1.jar:/Users/jashanpreetsingh/.m2/repository/org/antlr/antlr4-runtime/4.13.0/antlr4-runtime-4.13.0.jar:/Users/jashanpreetsingh/.m2/repository/org/springframework/data/spring-data-jpa/3.3.0/spring-data-jpa-3.3.0.jar:/Users/jashanpreetsingh/.m2/repository/org/springframework/data/spring-data-commons/3.3.0/spring-data-commons-3.3.0.jar:/Users/jashanpreetsingh/.m2/repository/org/springframework/spring-orm/6.1.8/spring-orm-6.1.8.jar:/Users/jashanpreetsingh/.m2/repository/org/springframework/spring-context/6.1.8/spring-context-6.1.8.jar:/Users/jashanpreetsingh/.m2/repository/org/springframework/spring-tx/6.1.8/spring-tx-6.1.8.jar:/Users/jashanpreetsingh/.m2/repository/org/springframework/spring-beans/6.1.8/spring-beans-6.1.8.jar:/Users/jashanpreetsingh/.m2/repository/org/slf4j/slf4j-api/2.0.13/slf4j-api-2.0.13.jar:/Users/jashanpreetsingh/.m2/repository/org/springframework/spring-aspects/6.1.8/spring-aspects-6.1.8.jar:/Users/jashanpreetsingh/.m2/repository/org/springframework/boot/spring-boot-starter-data-jdbc/3.3.0/spring-boot-starter-data-jdbc-3.3.0.jar:/Users/jashanpreetsingh/.m2/repository/org/springframework/data/spring-data-jdbc/3.3.0/spring-data-jdbc-3.3.0.jar:/Users/jashanpreetsingh/.m2/repository/org/springframework/data/spring-data-relational/3.3.0/spring-data-relational-3.3.0.jar:/Users/jashanpreetsingh/.m2/repository/com/github/jsqlparser/jsqlparser/4.6/jsqlparser-4.6.jar:/Users/jashanpreetsingh/.m2/repository/org/springframework/boot/spring-boot-starter-validation/3.3.0/spring-boot-starter-validation-3.3.0.jar:/Users/jashanpreetsingh/.m2/repository/org/apache/tomcat/embed/tomcat-embed-el/10.1.24/tomcat-embed-el-10.1.24.jar:/Users/jashanpreetsingh/.m2/repository/org/hibernate/validator/hibernate-validator/8.0.1.Final/hibernate-validator-8.0.1.Final.jar:/Users/jashanpreetsingh/.m2/repository/jakarta/validation/jakarta.validation-api/3.0.2/jakarta.validation-api-3.0.2.jar:/Users/jashanpreetsingh/.m2/repository/org/springframework/boot/spring-boot-starter-web/3.3.0/spring-boot-starter-web-3.3.0.jar:/Users/jashanpreetsingh/.m2/repository/org/springframework/boot/spring-boot-starter-json/3.3.0/spring-boot-starter-json-3.3.0.jar:/Users/jashanpreetsingh/.m2/repository/com/fasterxml/jackson/datatype/jackson-datatype-jdk8/2.17.1/jackson-datatype-jdk8-2.17.1.jar:/Users/jashanpreetsingh/.m2/repository/com/fasterxml/jackson/module/jackson-module-parameter-names/2.17.1/jackson-module-parameter-names-2.17.1.jar:/Users/jashanpreetsingh/.m2/repository/org/springframework/boot/spring-boot-starter-tomcat/3.3.0/spring-boot-starter-tomcat-3.3.0.jar:/Users/jashanpreetsingh/.m2/repository/org/apache/tomcat/embed/tomcat-embed-core/10.1.24/tomcat-embed-core-10.1.24.jar:/Users/jashanpreetsingh/.m2/repository/org/apache/tomcat/embed/tomcat-embed-websocket/10.1.24/tomcat-embed-websocket-10.1.24.jar:/Users/jashanpreetsingh/.m2/repository/org/springframework/spring-web/6.1.8/spring-web-6.1.8.jar:/Users/jashanpreetsingh/.m2/repository/org/springframework/spring-webmvc/6.1.8/spring-webmvc-6.1.8.jar:/Users/jashanpreetsingh/.m2/repository/org/springframework/spring-expression/6.1.8/spring-expression-6.1.8.jar:/Users/jashanpreetsingh/.m2/repository/org/springframework/boot/spring-boot-devtools/3.3.0/spring-boot-devtools-3.3.0.jar:/Users/jashanpreetsingh/.m2/repository/org/springframework/boot/spring-boot/3.3.0/spring-boot-3.3.0.jar:/Users/jashanpreetsingh/.m2/repository/org/springframework/boot/spring-boot-autoconfigure/3.3.0/spring-boot-autoconfigure-3.3.0.jar:/Users/jashanpreetsingh/.m2/repository/com/h2database/h2/2.2.224/h2-2.2.224.jar:/Users/jashanpreetsingh/.m2/repository/org/springframework/boot/spring-boot-starter-test/3.3.0/spring-boot-starter-test-3.3.0.jar:/Users/jashanpreetsingh/.m2/repository/org/springframework/boot/spring-boot-test/3.3.0/spring-boot-test-3.3.0.jar:/Users/jashanpreetsingh/.m2/repository/org/springframework/boot/spring-boot-test-autoconfigure/3.3.0/spring-boot-test-autoconfigure-3.3.0.jar:/Users/jashanpreetsingh/.m2/repository/com/jayway/jsonpath/json-path/2.9.0/json-path-2.9.0.jar:/Users/jashanpreetsingh/.m2/repository/jakarta/xml/bind/jakarta.xml.bind-api/4.0.2/jakarta.xml.bind-api-4.0.2.jar:/Users/jashanpreetsingh/.m2/repository/jakarta/activation/jakarta.activation-api/2.1.3/jakarta.activation-api-2.1.3.jar:/Users/jashanpreetsingh/.m2/repository/net/minidev/json-smart/2.5.1/json-smart-2.5.1.jar:/Users/jashanpreetsingh/.m2/repository/net/minidev/accessors-smart/2.5.1/accessors-smart-2.5.1.jar:/Users/jashanpreetsingh/.m2/repository/org/ow2/asm/asm/9.6/asm-9.6.jar:/Users/jashanpreetsingh/.m2/repository/org/assertj/assertj-core/3.25.3/assertj-core-3.25.3.jar:/Users/jashanpreetsingh/.m2/repository/org/awaitility/awaitility/4.2.1/awaitility-4.2.1.jar:/Users/jashanpreetsingh/.m2/repository/org/hamcrest/hamcrest/2.2/hamcrest-2.2.jar:/Users/jashanpreetsingh/.m2/repository/org/junit/jupiter/junit-jupiter/5.10.2/junit-jupiter-5.10.2.jar:/Users/jashanpreetsingh/.m2/repository/org/junit/jupiter/junit-jupiter-api/5.10.2/junit-jupiter-api-5.10.2.jar:/Users/jashanpreetsingh/.m2/repository/org/opentest4j/opentest4j/1.3.0/opentest4j-1.3.0.jar:/Users/jashanpreetsingh/.m2/repository/org/junit/platform/junit-platform-commons/1.10.2/junit-platform-commons-1.10.2.jar:/Users/jashanpreetsingh/.m2/repository/org/apiguardian/apiguardian-api/1.1.2/apiguardian-api-1.1.2.jar:/Users/jashanpreetsingh/.m2/repository/org/junit/jupiter/junit-jupiter-params/5.10.2/junit-jupiter-params-5.10.2.jar:/Users/jashanpreetsingh/.m2/repository/org/junit/jupiter/junit-jupiter-engine/5.10.2/junit-jupiter-engine-5.10.2.jar:/Users/jashanpreetsingh/.m2/repository/org/junit/platform/junit-platform-engine/1.10.2/junit-platform-engine-1.10.2.jar:/Users/jashanpreetsingh/.m2/repository/org/mockito/mockito-core/5.11.0/mockito-core-5.11.0.jar:/Users/jashanpreetsingh/.m2/repository/net/bytebuddy/byte-buddy-agent/1.14.16/byte-buddy-agent-1.14.16.jar:/Users/jashanpreetsingh/.m2/repository/org/objenesis/objenesis/3.3/objenesis-3.3.jar:/Users/jashanpreetsingh/.m2/repository/org/mockito/mockito-junit-jupiter/5.11.0/mockito-junit-jupiter-5.11.0.jar:/Users/jashanpreetsingh/.m2/repository/org/skyscreamer/jsonassert/1.5.1/jsonassert-1.5.1.jar:/Users/jashanpreetsingh/.m2/repository/com/vaadin/external/google/android-json/0.0.20131108.vaadin1/android-json-0.0.20131108.vaadin1.jar:/Users/jashanpreetsingh/.m2/repository/org/springframework/spring-core/6.1.8/spring-core-6.1.8.jar:/Users/jashanpreetsingh/.m2/repository/org/springframework/spring-jcl/6.1.8/spring-jcl-6.1.8.jar:/Users/jashanpreetsingh/.m2/repository/org/springframework/spring-test/6.1.8/spring-test-6.1.8.jar:/Users/jashanpreetsingh/.m2/repository/org/xmlunit/xmlunit-core/2.9.1/xmlunit-core-2.9.1.jar:"/>
    <property name="java.vm.vendor" value="Amazon.com Inc."/>
    <property name="sun.arch.data.model" value="64"/>
    <property name="java.vendor.url" value="https://aws.amazon.com/corretto/"/>
    <property name="user.timezone" value="Europe/Brussels"/>
    <property name="org.jboss.logging.provider" value="slf4j"/>
    <property name="os.name" value="Mac OS X"/>
    <property name="java.vm.specification.version" value="21"/>
    <property name="sun.java.launcher" value="SUN_STANDARD"/>
    <property name="user.country" value="GB"/>
    <property name="sun.boot.library.path" value="/Library/Java/JavaVirtualMachines/amazon-corretto-21.jdk/Contents/Home/lib"/>
    <property name="sun.java.command" value="/Users/jashanpreetsingh/Downloads/backend_exams_prep/pony/target/surefire/surefirebooter-20240616182845121_3.jar /Users/jashanpreetsingh/Downloads/backend_exams_prep/pony/target/surefire 2024-06-16T18-28-44_983-jvmRun1 surefire-20240616182845121_1tmp surefire_0-20240616182845121_2tmp"/>
    <property name="jdk.debug" value="release"/>
    <property name="surefire.test.class.path" value="/Users/jashanpreetsingh/Downloads/backend_exams_prep/pony/target/test-classes:/Users/jashanpreetsingh/Downloads/backend_exams_prep/pony/target/classes:/Users/jashanpreetsingh/.m2/repository/org/springframework/boot/spring-boot-starter-actuator/3.3.0/spring-boot-starter-actuator-3.3.0.jar:/Users/jashanpreetsingh/.m2/repository/org/springframework/boot/spring-boot-starter/3.3.0/spring-boot-starter-3.3.0.jar:/Users/jashanpreetsingh/.m2/repository/org/springframework/boot/spring-boot-starter-logging/3.3.0/spring-boot-starter-logging-3.3.0.jar:/Users/jashanpreetsingh/.m2/repository/ch/qos/logback/logback-classic/1.5.6/logback-classic-1.5.6.jar:/Users/jashanpreetsingh/.m2/repository/ch/qos/logback/logback-core/1.5.6/logback-core-1.5.6.jar:/Users/jashanpreetsingh/.m2/repository/org/apache/logging/log4j/log4j-to-slf4j/2.23.1/log4j-to-slf4j-2.23.1.jar:/Users/jashanpreetsingh/.m2/repository/org/apache/logging/log4j/log4j-api/2.23.1/log4j-api-2.23.1.jar:/Users/jashanpreetsingh/.m2/repository/org/slf4j/jul-to-slf4j/2.0.13/jul-to-slf4j-2.0.13.jar:/Users/jashanpreetsingh/.m2/repository/jakarta/annotation/jakarta.annotation-api/2.1.1/jakarta.annotation-api-2.1.1.jar:/Users/jashanpreetsingh/.m2/repository/org/yaml/snakeyaml/2.2/snakeyaml-2.2.jar:/Users/jashanpreetsingh/.m2/repository/org/springframework/boot/spring-boot-actuator-autoconfigure/3.3.0/spring-boot-actuator-autoconfigure-3.3.0.jar:/Users/jashanpreetsingh/.m2/repository/org/springframework/boot/spring-boot-actuator/3.3.0/spring-boot-actuator-3.3.0.jar:/Users/jashanpreetsingh/.m2/repository/com/fasterxml/jackson/core/jackson-databind/2.17.1/jackson-databind-2.17.1.jar:/Users/jashanpreetsingh/.m2/repository/com/fasterxml/jackson/core/jackson-annotations/2.17.1/jackson-annotations-2.17.1.jar:/Users/jashanpreetsingh/.m2/repository/com/fasterxml/jackson/core/jackson-core/2.17.1/jackson-core-2.17.1.jar:/Users/jashanpreetsingh/.m2/repository/com/fasterxml/jackson/datatype/jackson-datatype-jsr310/2.17.1/jackson-datatype-jsr310-2.17.1.jar:/Users/jashanpreetsingh/.m2/repository/io/micrometer/micrometer-observation/1.13.0/micrometer-observation-1.13.0.jar:/Users/jashanpreetsingh/.m2/repository/io/micrometer/micrometer-commons/1.13.0/micrometer-commons-1.13.0.jar:/Users/jashanpreetsingh/.m2/repository/io/micrometer/micrometer-jakarta9/1.13.0/micrometer-jakarta9-1.13.0.jar:/Users/jashanpreetsingh/.m2/repository/io/micrometer/micrometer-core/1.13.0/micrometer-core-1.13.0.jar:/Users/jashanpreetsingh/.m2/repository/org/hdrhistogram/HdrHistogram/2.2.1/HdrHistogram-2.2.1.jar:/Users/jashanpreetsingh/.m2/repository/org/latencyutils/LatencyUtils/2.0.3/LatencyUtils-2.0.3.jar:/Users/jashanpreetsingh/.m2/repository/org/springframework/boot/spring-boot-starter-data-jpa/3.3.0/spring-boot-starter-data-jpa-3.3.0.jar:/Users/jashanpreetsingh/.m2/repository/org/springframework/boot/spring-boot-starter-aop/3.3.0/spring-boot-starter-aop-3.3.0.jar:/Users/jashanpreetsingh/.m2/repository/org/springframework/spring-aop/6.1.8/spring-aop-6.1.8.jar:/Users/jashanpreetsingh/.m2/repository/org/aspectj/aspectjweaver/1.9.22/aspectjweaver-1.9.22.jar:/Users/jashanpreetsingh/.m2/repository/org/springframework/boot/spring-boot-starter-jdbc/3.3.0/spring-boot-starter-jdbc-3.3.0.jar:/Users/jashanpreetsingh/.m2/repository/com/zaxxer/HikariCP/5.1.0/HikariCP-5.1.0.jar:/Users/jashanpreetsingh/.m2/repository/org/springframework/spring-jdbc/6.1.8/spring-jdbc-6.1.8.jar:/Users/jashanpreetsingh/.m2/repository/org/hibernate/orm/hibernate-core/6.5.2.Final/hibernate-core-6.5.2.Final.jar:/Users/jashanpreetsingh/.m2/repository/jakarta/persistence/jakarta.persistence-api/3.1.0/jakarta.persistence-api-3.1.0.jar:/Users/jashanpreetsingh/.m2/repository/jakarta/transaction/jakarta.transaction-api/2.0.1/jakarta.transaction-api-2.0.1.jar:/Users/jashanpreetsingh/.m2/repository/org/jboss/logging/jboss-logging/3.5.3.Final/jboss-logging-3.5.3.Final.jar:/Users/jashanpreetsingh/.m2/repository/org/hibernate/common/hibernate-commons-annotations/6.0.6.Final/hibernate-commons-annotations-6.0.6.Final.jar:/Users/jashanpreetsingh/.m2/repository/io/smallrye/jandex/3.1.2/jandex-3.1.2.jar:/Users/jashanpreetsingh/.m2/repository/com/fasterxml/classmate/1.7.0/classmate-1.7.0.jar:/Users/jashanpreetsingh/.m2/repository/net/bytebuddy/byte-buddy/1.14.16/byte-buddy-1.14.16.jar:/Users/jashanpreetsingh/.m2/repository/org/glassfish/jaxb/jaxb-runtime/4.0.5/jaxb-runtime-4.0.5.jar:/Users/jashanpreetsingh/.m2/repository/org/glassfish/jaxb/jaxb-core/4.0.5/jaxb-core-4.0.5.jar:/Users/jashanpreetsingh/.m2/repository/org/eclipse/angus/angus-activation/2.0.2/angus-activation-2.0.2.jar:/Users/jashanpreetsingh/.m2/repository/org/glassfish/jaxb/txw2/4.0.5/txw2-4.0.5.jar:/Users/jashanpreetsingh/.m2/repository/com/sun/istack/istack-commons-runtime/4.1.2/istack-commons-runtime-4.1.2.jar:/Users/jashanpreetsingh/.m2/repository/jakarta/inject/jakarta.inject-api/2.0.1/jakarta.inject-api-2.0.1.jar:/Users/jashanpreetsingh/.m2/repository/org/antlr/antlr4-runtime/4.13.0/antlr4-runtime-4.13.0.jar:/Users/jashanpreetsingh/.m2/repository/org/springframework/data/spring-data-jpa/3.3.0/spring-data-jpa-3.3.0.jar:/Users/jashanpreetsingh/.m2/repository/org/springframework/data/spring-data-commons/3.3.0/spring-data-commons-3.3.0.jar:/Users/jashanpreetsingh/.m2/repository/org/springframework/spring-orm/6.1.8/spring-orm-6.1.8.jar:/Users/jashanpreetsingh/.m2/repository/org/springframework/spring-context/6.1.8/spring-context-6.1.8.jar:/Users/jashanpreetsingh/.m2/repository/org/springframework/spring-tx/6.1.8/spring-tx-6.1.8.jar:/Users/jashanpreetsingh/.m2/repository/org/springframework/spring-beans/6.1.8/spring-beans-6.1.8.jar:/Users/jashanpreetsingh/.m2/repository/org/slf4j/slf4j-api/2.0.13/slf4j-api-2.0.13.jar:/Users/jashanpreetsingh/.m2/repository/org/springframework/spring-aspects/6.1.8/spring-aspects-6.1.8.jar:/Users/jashanpreetsingh/.m2/repository/org/springframework/boot/spring-boot-starter-data-jdbc/3.3.0/spring-boot-starter-data-jdbc-3.3.0.jar:/Users/jashanpreetsingh/.m2/repository/org/springframework/data/spring-data-jdbc/3.3.0/spring-data-jdbc-3.3.0.jar:/Users/jashanpreetsingh/.m2/repository/org/springframework/data/spring-data-relational/3.3.0/spring-data-relational-3.3.0.jar:/Users/jashanpreetsingh/.m2/repository/com/github/jsqlparser/jsqlparser/4.6/jsqlparser-4.6.jar:/Users/jashanpreetsingh/.m2/repository/org/springframework/boot/spring-boot-starter-validation/3.3.0/spring-boot-starter-validation-3.3.0.jar:/Users/jashanpreetsingh/.m2/repository/org/apache/tomcat/embed/tomcat-embed-el/10.1.24/tomcat-embed-el-10.1.24.jar:/Users/jashanpreetsingh/.m2/repository/org/hibernate/validator/hibernate-validator/8.0.1.Final/hibernate-validator-8.0.1.Final.jar:/Users/jashanpreetsingh/.m2/repository/jakarta/validation/jakarta.validation-api/3.0.2/jakarta.validation-api-3.0.2.jar:/Users/jashanpreetsingh/.m2/repository/org/springframework/boot/spring-boot-starter-web/3.3.0/spring-boot-starter-web-3.3.0.jar:/Users/jashanpreetsingh/.m2/repository/org/springframework/boot/spring-boot-starter-json/3.3.0/spring-boot-starter-json-3.3.0.jar:/Users/jashanpreetsingh/.m2/repository/com/fasterxml/jackson/datatype/jackson-datatype-jdk8/2.17.1/jackson-datatype-jdk8-2.17.1.jar:/Users/jashanpreetsingh/.m2/repository/com/fasterxml/jackson/module/jackson-module-parameter-names/2.17.1/jackson-module-parameter-names-2.17.1.jar:/Users/jashanpreetsingh/.m2/repository/org/springframework/boot/spring-boot-starter-tomcat/3.3.0/spring-boot-starter-tomcat-3.3.0.jar:/Users/jashanpreetsingh/.m2/repository/org/apache/tomcat/embed/tomcat-embed-core/10.1.24/tomcat-embed-core-10.1.24.jar:/Users/jashanpreetsingh/.m2/repository/org/apache/tomcat/embed/tomcat-embed-websocket/10.1.24/tomcat-embed-websocket-10.1.24.jar:/Users/jashanpreetsingh/.m2/repository/org/springframework/spring-web/6.1.8/spring-web-6.1.8.jar:/Users/jashanpreetsingh/.m2/repository/org/springframework/spring-webmvc/6.1.8/spring-webmvc-6.1.8.jar:/Users/jashanpreetsingh/.m2/repository/org/springframework/spring-expression/6.1.8/spring-expression-6.1.8.jar:/Users/jashanpreetsingh/.m2/repository/org/springframework/boot/spring-boot-devtools/3.3.0/spring-boot-devtools-3.3.0.jar:/Users/jashanpreetsingh/.m2/repository/org/springframework/boot/spring-boot/3.3.0/spring-boot-3.3.0.jar:/Users/jashanpreetsingh/.m2/repository/org/springframework/boot/spring-boot-autoconfigure/3.3.0/spring-boot-autoconfigure-3.3.0.jar:/Users/jashanpreetsingh/.m2/repository/com/h2database/h2/2.2.224/h2-2.2.224.jar:/Users/jashanpreetsingh/.m2/repository/org/springframework/boot/spring-boot-starter-test/3.3.0/spring-boot-starter-test-3.3.0.jar:/Users/jashanpreetsingh/.m2/repository/org/springframework/boot/spring-boot-test/3.3.0/spring-boot-test-3.3.0.jar:/Users/jashanpreetsingh/.m2/repository/org/springframework/boot/spring-boot-test-autoconfigure/3.3.0/spring-boot-test-autoconfigure-3.3.0.jar:/Users/jashanpreetsingh/.m2/repository/com/jayway/jsonpath/json-path/2.9.0/json-path-2.9.0.jar:/Users/jashanpreetsingh/.m2/repository/jakarta/xml/bind/jakarta.xml.bind-api/4.0.2/jakarta.xml.bind-api-4.0.2.jar:/Users/jashanpreetsingh/.m2/repository/jakarta/activation/jakarta.activation-api/2.1.3/jakarta.activation-api-2.1.3.jar:/Users/jashanpreetsingh/.m2/repository/net/minidev/json-smart/2.5.1/json-smart-2.5.1.jar:/Users/jashanpreetsingh/.m2/repository/net/minidev/accessors-smart/2.5.1/accessors-smart-2.5.1.jar:/Users/jashanpreetsingh/.m2/repository/org/ow2/asm/asm/9.6/asm-9.6.jar:/Users/jashanpreetsingh/.m2/repository/org/assertj/assertj-core/3.25.3/assertj-core-3.25.3.jar:/Users/jashanpreetsingh/.m2/repository/org/awaitility/awaitility/4.2.1/awaitility-4.2.1.jar:/Users/jashanpreetsingh/.m2/repository/org/hamcrest/hamcrest/2.2/hamcrest-2.2.jar:/Users/jashanpreetsingh/.m2/repository/org/junit/jupiter/junit-jupiter/5.10.2/junit-jupiter-5.10.2.jar:/Users/jashanpreetsingh/.m2/repository/org/junit/jupiter/junit-jupiter-api/5.10.2/junit-jupiter-api-5.10.2.jar:/Users/jashanpreetsingh/.m2/repository/org/opentest4j/opentest4j/1.3.0/opentest4j-1.3.0.jar:/Users/jashanpreetsingh/.m2/repository/org/junit/platform/junit-platform-commons/1.10.2/junit-platform-commons-1.10.2.jar:/Users/jashanpreetsingh/.m2/repository/org/apiguardian/apiguardian-api/1.1.2/apiguardian-api-1.1.2.jar:/Users/jashanpreetsingh/.m2/repository/org/junit/jupiter/junit-jupiter-params/5.10.2/junit-jupiter-params-5.10.2.jar:/Users/jashanpreetsingh/.m2/repository/org/junit/jupiter/junit-jupiter-engine/5.10.2/junit-jupiter-engine-5.10.2.jar:/Users/jashanpreetsingh/.m2/repository/org/junit/platform/junit-platform-engine/1.10.2/junit-platform-engine-1.10.2.jar:/Users/jashanpreetsingh/.m2/repository/org/mockito/mockito-core/5.11.0/mockito-core-5.11.0.jar:/Users/jashanpreetsingh/.m2/repository/net/bytebuddy/byte-buddy-agent/1.14.16/byte-buddy-agent-1.14.16.jar:/Users/jashanpreetsingh/.m2/repository/org/objenesis/objenesis/3.3/objenesis-3.3.jar:/Users/jashanpreetsingh/.m2/repository/org/mockito/mockito-junit-jupiter/5.11.0/mockito-junit-jupiter-5.11.0.jar:/Users/jashanpreetsingh/.m2/repository/org/skyscreamer/jsonassert/1.5.1/jsonassert-1.5.1.jar:/Users/jashanpreetsingh/.m2/repository/com/vaadin/external/google/android-json/0.0.20131108.vaadin1/android-json-0.0.20131108.vaadin1.jar:/Users/jashanpreetsingh/.m2/repository/org/springframework/spring-core/6.1.8/spring-core-6.1.8.jar:/Users/jashanpreetsingh/.m2/repository/org/springframework/spring-jcl/6.1.8/spring-jcl-6.1.8.jar:/Users/jashanpreetsingh/.m2/repository/org/springframework/spring-test/6.1.8/spring-test-6.1.8.jar:/Users/jashanpreetsingh/.m2/repository/org/xmlunit/xmlunit-core/2.9.1/xmlunit-core-2.9.1.jar:"/>
    <property name="sun.cpu.endian" value="little"/>
    <property name="user.home" value="/Users/jashanpreetsingh"/>
    <property name="user.language" value="en"/>
    <property name="java.specification.vendor" value="Oracle Corporation"/>
    <property name="java.version.date" value="2024-01-16"/>
    <property name="java.home" value="/Library/Java/JavaVirtualMachines/amazon-corretto-21.jdk/Contents/Home"/>
    <property name="file.separator" value="/"/>
    <property name="basedir" value="/Users/jashanpreetsingh/Downloads/backend_exams_prep/pony"/>
    <property name="java.vm.compressedOopsMode" value="Zero based"/>
    <property name="line.separator" value="&#10;"/>
    <property name="java.vm.specification.vendor" value="Oracle Corporation"/>
    <property name="java.specification.name" value="Java Platform API Specification"/>
    <property name="FILE_LOG_CHARSET" value="UTF-8"/>
    <property name="java.awt.headless" value="true"/>
    <property name="apple.awt.application.name" value="ForkedBooter"/>
    <property name="surefire.real.class.path" value="/Users/jashanpreetsingh/Downloads/backend_exams_prep/pony/target/surefire/surefirebooter-20240616182845121_3.jar"/>
    <property name="sun.management.compiler" value="HotSpot 64-Bit Tiered Compilers"/>
    <property name="java.runtime.version" value="21.0.2+13-LTS"/>
    <property name="user.name" value="jashanpreetsingh"/>
    <property name="stdout.encoding" value="UTF-8"/>
    <property name="path.separator" value=":"/>
    <property name="os.version" value="14.5"/>
    <property name="java.runtime.name" value="OpenJDK Runtime Environment"/>
    <property name="file.encoding" value="UTF-8"/>
    <property name="java.vm.name" value="OpenJDK 64-Bit Server VM"/>
    <property name="java.vendor.version" value="Corretto-21.0.2.13.1"/>
    <property name="localRepository" value="/Users/jashanpreetsingh/.m2/repository"/>
    <property name="java.vendor.url.bug" value="https://github.com/corretto/corretto-21/issues/"/>
    <property name="java.io.tmpdir" value="/var/folders/jh/3nbfxwtd1qbgbrmmlx8_4wqc0000gn/T/"/>
    <property name="idea.version" value="2024.1"/>
    <property name="com.zaxxer.hikari.pool_number" value="1"/>
    <property name="java.version" value="21.0.2"/>
    <property name="user.dir" value="/Users/jashanpreetsingh/Downloads/backend_exams_prep/pony"/>
    <property name="os.arch" value="x86_64"/>
    <property name="java.vm.specification.name" value="Java Virtual Machine Specification"/>
    <property name="PID" value="94830"/>
    <property name="CONSOLE_LOG_CHARSET" value="UTF-8"/>
    <property name="native.encoding" value="UTF-8"/>
    <property name="java.library.path" value="/Users/jashanpreetsingh/Library/Java/Extensions:/Library/Java/Extensions:/Network/Library/Java/Extensions:/System/Library/Java/Extensions:/usr/lib/java:."/>
    <property name="java.vm.info" value="mixed mode, sharing"/>
    <property name="stderr.encoding" value="UTF-8"/>
    <property name="java.vendor" value="Amazon.com Inc."/>
    <property name="java.vm.version" value="21.0.2+13-LTS"/>
    <property name="sun.io.unicode.encoding" value="UnicodeBig"/>
    <property name="java.class.version" value="65.0"/>
    <property name="LOGGED_APPLICATION_NAME" value="[pony] "/>
  </properties>
  <testcase name="contextLoads" classname="com.UCLLBackEnd.pony.PonyApplicationTests" time="0.783">
    <system-out><![CDATA[18:28:46.455 [main] INFO org.springframework.test.context.support.AnnotationConfigContextLoaderUtils -- Could not detect default configuration classes for test class [com.UCLLBackEnd.pony.PonyApplicationTests]: PonyApplicationTests does not declare any static, non-private, non-final, nested classes annotated with @Configuration.
18:28:46.620 [main] INFO org.springframework.boot.test.context.SpringBootTestContextBootstrapper -- Found @SpringBootConfiguration com.UCLLBackEnd.pony.PonyApplication for test class com.UCLLBackEnd.pony.PonyApplicationTests
18:28:46.786 [main] INFO org.springframework.boot.devtools.restart.RestartApplicationListener -- Restart disabled due to context in which it is running
2024-06-16T18:28:51.357+02:00  WARN 94830 --- [pony] [           main] org.hibernate.orm.deprecation            : HHH90000025: H2Dialect does not need to be specified explicitly using 'hibernate.dialect' (remove the property setting and it will be selected by default)
2024-06-16T18:28:52.969+02:00 DEBUG 94830 --- [pony] [           main] org.hibernate.SQL                        : drop table if exists addresses cascade 
2024-06-16T18:28:52.983+02:00 DEBUG 94830 --- [pony] [           main] org.hibernate.SQL                        : drop table if exists animals cascade 
2024-06-16T18:28:52.987+02:00 DEBUG 94830 --- [pony] [           main] org.hibernate.SQL                        : drop table if exists animals_toys cascade 
2024-06-16T18:28:52.988+02:00 DEBUG 94830 --- [pony] [           main] org.hibernate.SQL                        : drop table if exists medical_records cascade 
2024-06-16T18:28:52.990+02:00 DEBUG 94830 --- [pony] [           main] org.hibernate.SQL                        : drop table if exists stables cascade 
2024-06-16T18:28:52.991+02:00 DEBUG 94830 --- [pony] [           main] org.hibernate.SQL                        : drop table if exists toys cascade 
2024-06-16T18:28:52.999+02:00 DEBUG 94830 --- [pony] [           main] org.hibernate.SQL                        : create table addresses (number integer not null, id bigint generated by default as identity, place varchar(255) not null, street varchar(255) not null, primary key (id))
2024-06-16T18:28:53.005+02:00 DEBUG 94830 --- [pony] [           main] org.hibernate.SQL                        : create table animals (age integer not null check ((age>=0) and (age<=50)), lays_eggs boolean, id bigint generated by default as identity, stable_id bigint, animal_type varchar(31) not null, name varchar(255) not null unique, primary key (id))
2024-06-16T18:28:53.011+02:00 DEBUG 94830 --- [pony] [           main] org.hibernate.SQL                        : create table animals_toys (animal_id bigint not null, toy_id bigint not null, primary key (animal_id, toy_id))
2024-06-16T18:28:53.013+02:00 DEBUG 94830 --- [pony] [           main] org.hibernate.SQL                        : create table medical_records (closing_date date, registration_date date, animal_id bigint, id bigint generated by default as identity, description varchar(255) not null, primary key (id))
2024-06-16T18:28:53.015+02:00 DEBUG 94830 --- [pony] [           main] org.hibernate.SQL                        : create table stables (max_number_of_animals integer not null, address_id bigint unique, id bigint generated by default as identity, name varchar(255) not null, primary key (id))
2024-06-16T18:28:53.017+02:00 DEBUG 94830 --- [pony] [           main] org.hibernate.SQL                        : create table toys (id bigint generated by default as identity, name varchar(255) not null, primary key (id))
2024-06-16T18:28:53.019+02:00 DEBUG 94830 --- [pony] [           main] org.hibernate.SQL                        : alter table if exists animals add constraint FKpxey4dbsgvk4v078ted3cw9no foreign key (stable_id) references stables
2024-06-16T18:28:53.022+02:00 DEBUG 94830 --- [pony] [           main] org.hibernate.SQL                        : alter table if exists animals_toys add constraint FK7m49500eoyb3g6jhlphbllgl6 foreign key (toy_id) references toys
2024-06-16T18:28:53.023+02:00 DEBUG 94830 --- [pony] [           main] org.hibernate.SQL                        : alter table if exists animals_toys add constraint FKn04tr1g5v0vwn5f12bbvlbep5 foreign key (animal_id) references animals
2024-06-16T18:28:53.026+02:00 DEBUG 94830 --- [pony] [           main] org.hibernate.SQL                        : alter table if exists medical_records add constraint FK31xjhwk190i5n1yryo995f5cw foreign key (animal_id) references animals
2024-06-16T18:28:53.030+02:00 DEBUG 94830 --- [pony] [           main] org.hibernate.SQL                        : alter table if exists stables add constraint FK3njb54wm0pgc6utgg6nyhvp9t foreign key (address_id) references addresses
2024-06-16T18:28:54.801+02:00 DEBUG 94830 --- [pony] [           main] org.hibernate.SQL                        : insert into toys (name,id) values (?,default)
2024-06-16T18:28:54.808+02:00 TRACE 94830 --- [pony] [           main] org.hibernate.orm.jdbc.bind              : binding parameter (1:VARCHAR) <- [Toytoy]
2024-06-16T18:28:54.842+02:00 DEBUG 94830 --- [pony] [           main] org.hibernate.SQL                        : insert into toys (name,id) values (?,default)
2024-06-16T18:28:54.842+02:00 TRACE 94830 --- [pony] [           main] org.hibernate.orm.jdbc.bind              : binding parameter (1:VARCHAR) <- [Nerf Machine Gun]
2024-06-16T18:28:55.001+02:00 DEBUG 94830 --- [pony] [           main] org.hibernate.SQL                        : insert into stables (address_id,max_number_of_animals,name,id) values (?,?,?,default)
2024-06-16T18:28:55.002+02:00 TRACE 94830 --- [pony] [           main] org.hibernate.orm.jdbc.bind              : binding parameter (1:BIGINT) <- [1]
2024-06-16T18:28:55.002+02:00 TRACE 94830 --- [pony] [           main] org.hibernate.orm.jdbc.bind              : binding parameter (2:INTEGER) <- [5]
2024-06-16T18:28:55.002+02:00 TRACE 94830 --- [pony] [           main] org.hibernate.orm.jdbc.bind              : binding parameter (3:VARCHAR) <- [StblHn]
2024-06-16T18:28:55.005+02:00 DEBUG 94830 --- [pony] [           main] org.hibernate.SQL                        : insert into stables (address_id,max_number_of_animals,name,id) values (?,?,?,default)
2024-06-16T18:28:55.005+02:00 TRACE 94830 --- [pony] [           main] org.hibernate.orm.jdbc.bind              : binding parameter (1:BIGINT) <- [2]
2024-06-16T18:28:55.006+02:00 TRACE 94830 --- [pony] [           main] org.hibernate.orm.jdbc.bind              : binding parameter (2:INTEGER) <- [5]
2024-06-16T18:28:55.006+02:00 TRACE 94830 --- [pony] [           main] org.hibernate.orm.jdbc.bind              : binding parameter (3:VARCHAR) <- [PonyCo Italia]
2024-06-16T18:28:55.056+02:00 DEBUG 94830 --- [pony] [           main] org.hibernate.SQL                        : select s1_0.id,s1_0.address_id,s1_0.max_number_of_animals,s1_0.name from stables s1_0
2024-06-16T18:28:55.068+02:00 DEBUG 94830 --- [pony] [           main] org.hibernate.SQL                        : select a1_0.id,a1_0.number,a1_0.place,a1_0.street from addresses a1_0 where a1_0.id=?
2024-06-16T18:28:55.069+02:00 TRACE 94830 --- [pony] [           main] org.hibernate.orm.jdbc.bind              : binding parameter (1:BIGINT) <- [1]
2024-06-16T18:28:55.073+02:00 DEBUG 94830 --- [pony] [           main] org.hibernate.SQL                        : select a1_0.id,a1_0.number,a1_0.place,a1_0.street from addresses a1_0 where a1_0.id=?
2024-06-16T18:28:55.074+02:00 TRACE 94830 --- [pony] [           main] org.hibernate.orm.jdbc.bind              : binding parameter (1:BIGINT) <- [2]
2024-06-16T18:28:55.080+02:00 DEBUG 94830 --- [pony] [           main] org.hibernate.SQL                        : select t1_0.id,t1_0.name from toys t1_0
2024-06-16T18:28:55.085+02:00 DEBUG 94830 --- [pony] [           main] org.hibernate.SQL                        : insert into animals (age,name,stable_id,animal_type,id) values (?,?,?,'PONY',default)
2024-06-16T18:28:55.087+02:00 TRACE 94830 --- [pony] [           main] org.hibernate.orm.jdbc.bind              : binding parameter (1:INTEGER) <- [20]
2024-06-16T18:28:55.088+02:00 TRACE 94830 --- [pony] [           main] org.hibernate.orm.jdbc.bind              : binding parameter (2:VARCHAR) <- [Bella]
2024-06-16T18:28:55.088+02:00 TRACE 94830 --- [pony] [           main] org.hibernate.orm.jdbc.bind              : binding parameter (3:BIGINT) <- [null]
2024-06-16T18:28:55.095+02:00 DEBUG 94830 --- [pony] [           main] org.hibernate.SQL                        : insert into animals (age,name,stable_id,animal_type,id) values (?,?,?,'PONY',default)
2024-06-16T18:28:55.096+02:00 TRACE 94830 --- [pony] [           main] org.hibernate.orm.jdbc.bind              : binding parameter (1:INTEGER) <- [10]
2024-06-16T18:28:55.096+02:00 TRACE 94830 --- [pony] [           main] org.hibernate.orm.jdbc.bind              : binding parameter (2:VARCHAR) <- [Luna]
2024-06-16T18:28:55.096+02:00 TRACE 94830 --- [pony] [           main] org.hibernate.orm.jdbc.bind              : binding parameter (3:BIGINT) <- [1]
2024-06-16T18:28:55.099+02:00 DEBUG 94830 --- [pony] [           main] org.hibernate.SQL                        : insert into animals (age,name,stable_id,lays_eggs,animal_type,id) values (?,?,?,?,'CHICKEN',default)
2024-06-16T18:28:55.100+02:00 TRACE 94830 --- [pony] [           main] org.hibernate.orm.jdbc.bind              : binding parameter (1:INTEGER) <- [2]
2024-06-16T18:28:55.100+02:00 TRACE 94830 --- [pony] [           main] org.hibernate.orm.jdbc.bind              : binding parameter (2:VARCHAR) <- [Muriel]
2024-06-16T18:28:55.100+02:00 TRACE 94830 --- [pony] [           main] org.hibernate.orm.jdbc.bind              : binding parameter (3:BIGINT) <- [2]
2024-06-16T18:28:55.100+02:00 TRACE 94830 --- [pony] [           main] org.hibernate.orm.jdbc.bind              : binding parameter (4:BOOLEAN) <- [true]
2024-06-16T18:28:55.102+02:00 DEBUG 94830 --- [pony] [           main] org.hibernate.SQL                        : insert into animals (age,name,stable_id,lays_eggs,animal_type,id) values (?,?,?,?,'CHICKEN',default)
2024-06-16T18:28:55.105+02:00 TRACE 94830 --- [pony] [           main] org.hibernate.orm.jdbc.bind              : binding parameter (1:INTEGER) <- [1]
2024-06-16T18:28:55.105+02:00 TRACE 94830 --- [pony] [           main] org.hibernate.orm.jdbc.bind              : binding parameter (2:VARCHAR) <- [Little]
2024-06-16T18:28:55.105+02:00 TRACE 94830 --- [pony] [           main] org.hibernate.orm.jdbc.bind              : binding parameter (3:BIGINT) <- [2]
2024-06-16T18:28:55.105+02:00 TRACE 94830 --- [pony] [           main] org.hibernate.orm.jdbc.bind              : binding parameter (4:BOOLEAN) <- [false]
2024-06-16T18:28:55.107+02:00 DEBUG 94830 --- [pony] [           main] org.hibernate.SQL                        : insert into animals (age,name,stable_id,animal_type,id) values (?,?,?,'PONY',default)
2024-06-16T18:28:55.107+02:00 TRACE 94830 --- [pony] [           main] org.hibernate.orm.jdbc.bind              : binding parameter (1:INTEGER) <- [32]
2024-06-16T18:28:55.107+02:00 TRACE 94830 --- [pony] [           main] org.hibernate.orm.jdbc.bind              : binding parameter (2:VARCHAR) <- [Breda]
2024-06-16T18:28:55.107+02:00 TRACE 94830 --- [pony] [           main] org.hibernate.orm.jdbc.bind              : binding parameter (3:BIGINT) <- [2]
2024-06-16T18:28:55.108+02:00 DEBUG 94830 --- [pony] [           main] org.hibernate.SQL                        : insert into animals (age,name,stable_id,animal_type,id) values (?,?,?,'PONY',default)
2024-06-16T18:28:55.108+02:00 TRACE 94830 --- [pony] [           main] org.hibernate.orm.jdbc.bind              : binding parameter (1:INTEGER) <- [13]
2024-06-16T18:28:55.109+02:00 TRACE 94830 --- [pony] [           main] org.hibernate.orm.jdbc.bind              : binding parameter (2:VARCHAR) <- [Deby]
2024-06-16T18:28:55.109+02:00 TRACE 94830 --- [pony] [           main] org.hibernate.orm.jdbc.bind              : binding parameter (3:BIGINT) <- [2]
2024-06-16T18:28:55.110+02:00 DEBUG 94830 --- [pony] [           main] org.hibernate.SQL                        : insert into animals (age,name,stable_id,lays_eggs,animal_type,id) values (?,?,?,?,'CHICKEN',default)
2024-06-16T18:28:55.111+02:00 TRACE 94830 --- [pony] [           main] org.hibernate.orm.jdbc.bind              : binding parameter (1:INTEGER) <- [32]
2024-06-16T18:28:55.111+02:00 TRACE 94830 --- [pony] [           main] org.hibernate.orm.jdbc.bind              : binding parameter (2:VARCHAR) <- [Henry]
2024-06-16T18:28:55.112+02:00 TRACE 94830 --- [pony] [           main] org.hibernate.orm.jdbc.bind              : binding parameter (3:BIGINT) <- [2]
2024-06-16T18:28:55.112+02:00 TRACE 94830 --- [pony] [           main] org.hibernate.orm.jdbc.bind              : binding parameter (4:BOOLEAN) <- [true]
2024-06-16T18:28:55.123+02:00 DEBUG 94830 --- [pony] [           main] org.hibernate.SQL                        : insert into animals_toys (animal_id,toy_id) values (?,?)
2024-06-16T18:28:55.123+02:00 TRACE 94830 --- [pony] [           main] org.hibernate.orm.jdbc.bind              : binding parameter (1:BIGINT) <- [4]
2024-06-16T18:28:55.123+02:00 TRACE 94830 --- [pony] [           main] org.hibernate.orm.jdbc.bind              : binding parameter (2:BIGINT) <- [1]
2024-06-16T18:28:55.124+02:00 DEBUG 94830 --- [pony] [           main] org.hibernate.SQL                        : insert into animals_toys (animal_id,toy_id) values (?,?)
2024-06-16T18:28:55.124+02:00 TRACE 94830 --- [pony] [           main] org.hibernate.orm.jdbc.bind              : binding parameter (1:BIGINT) <- [4]
2024-06-16T18:28:55.124+02:00 TRACE 94830 --- [pony] [           main] org.hibernate.orm.jdbc.bind              : binding parameter (2:BIGINT) <- [2]
2024-06-16T18:28:55.125+02:00 DEBUG 94830 --- [pony] [           main] org.hibernate.SQL                        : insert into animals_toys (animal_id,toy_id) values (?,?)
2024-06-16T18:28:55.125+02:00 TRACE 94830 --- [pony] [           main] org.hibernate.orm.jdbc.bind              : binding parameter (1:BIGINT) <- [6]
2024-06-16T18:28:55.125+02:00 TRACE 94830 --- [pony] [           main] org.hibernate.orm.jdbc.bind              : binding parameter (2:BIGINT) <- [1]
2024-06-16T18:28:55.132+02:00 DEBUG 94830 --- [pony] [           main] org.hibernate.SQL                        : select a1_0.id,a1_0.animal_type,a1_0.age,a1_0.name,a1_0.stable_id,a1_0.lays_eggs from animals a1_0
2024-06-16T18:28:55.135+02:00 DEBUG 94830 --- [pony] [           main] org.hibernate.SQL                        : select s1_0.id,a1_0.id,a1_0.number,a1_0.place,a1_0.street,s1_0.max_number_of_animals,s1_0.name from stables s1_0 left join addresses a1_0 on a1_0.id=s1_0.address_id where s1_0.id=?
2024-06-16T18:28:55.136+02:00 TRACE 94830 --- [pony] [           main] org.hibernate.orm.jdbc.bind              : binding parameter (1:BIGINT) <- [1]
2024-06-16T18:28:55.137+02:00 DEBUG 94830 --- [pony] [           main] org.hibernate.SQL                        : select s1_0.id,a1_0.id,a1_0.number,a1_0.place,a1_0.street,s1_0.max_number_of_animals,s1_0.name from stables s1_0 left join addresses a1_0 on a1_0.id=s1_0.address_id where s1_0.id=?
2024-06-16T18:28:55.138+02:00 TRACE 94830 --- [pony] [           main] org.hibernate.orm.jdbc.bind              : binding parameter (1:BIGINT) <- [2]
2024-06-16T18:28:55.145+02:00 DEBUG 94830 --- [pony] [           main] org.hibernate.SQL                        : insert into medical_records (animal_id,closing_date,description,registration_date,id) values (?,?,?,?,default)
2024-06-16T18:28:55.146+02:00 TRACE 94830 --- [pony] [           main] org.hibernate.orm.jdbc.bind              : binding parameter (1:BIGINT) <- [2]
2024-06-16T18:28:55.146+02:00 TRACE 94830 --- [pony] [           main] org.hibernate.orm.jdbc.bind              : binding parameter (2:DATE) <- [null]
2024-06-16T18:28:55.146+02:00 TRACE 94830 --- [pony] [           main] org.hibernate.orm.jdbc.bind              : binding parameter (3:VARCHAR) <- [Ate too much bad food]
2024-06-16T18:28:55.147+02:00 TRACE 94830 --- [pony] [           main] org.hibernate.orm.jdbc.bind              : binding parameter (4:DATE) <- [2024-03-10]
2024-06-16T18:28:55.150+02:00 DEBUG 94830 --- [pony] [           main] org.hibernate.SQL                        : insert into medical_records (animal_id,closing_date,description,registration_date,id) values (?,?,?,?,default)
2024-06-16T18:28:55.150+02:00 TRACE 94830 --- [pony] [           main] org.hibernate.orm.jdbc.bind              : binding parameter (1:BIGINT) <- [2]
2024-06-16T18:28:55.151+02:00 TRACE 94830 --- [pony] [           main] org.hibernate.orm.jdbc.bind              : binding parameter (2:DATE) <- [2024-05-20]
2024-06-16T18:28:55.151+02:00 TRACE 94830 --- [pony] [           main] org.hibernate.orm.jdbc.bind              : binding parameter (3:VARCHAR) <- [Sick]
2024-06-16T18:28:55.151+02:00 TRACE 94830 --- [pony] [           main] org.hibernate.orm.jdbc.bind              : binding parameter (4:DATE) <- [2024-05-01]
2024-06-16T18:28:55.475+02:00  WARN 94830 --- [pony] [           main] JpaBaseConfiguration$JpaWebConfiguration : spring.jpa.open-in-view is enabled by default. Therefore, database queries may be performed during view rendering. Explicitly configure spring.jpa.open-in-view to disable this warning
]]></system-out>
    <system-err><![CDATA[WARNING: A Java agent has been loaded dynamically (/Users/jashanpreetsingh/.m2/repository/net/bytebuddy/byte-buddy-agent/1.14.16/byte-buddy-agent-1.14.16.jar)
WARNING: If a serviceability tool is in use, please run with -XX:+EnableDynamicAgentLoading to hide this warning
WARNING: If a serviceability tool is not in use, please run with -Djdk.instrument.traceUsage for more information
WARNING: Dynamic loading of agents will be disallowed by default in a future release
]]></system-err>
  </testcase>
</testsuite>